# JRE version: OpenJDK Runtime Environment GraalVM CE 22.3.0 (17.0.5+8) (build 17.0.5+8-jvmci-22.3-b08)
# Java VM: OpenJDK 64-Bit Server VM GraalVM CE 22.3.0 (17.0.5+8-jvmci-22.3-b08, mixed mode, sharing, tiered, jvmci, jvmci compiler, compressed oops, compressed class ptrs, parallel gc, linux-amd64)
GC Precious Log:
 CPUs: 8 total, 1 available
 Memory: 1024M
 Large Page Support: Disabled
 NUMA Support: Disabled
 Compressed Oops: Enabled (32-bit)
 Alignments: Space 512K, Generation 512K, Heap 2M
 Heap Min Capacity: 100M
 Heap Initial Capacity: 100M
 Heap Max Capacity: 512M
 Pre-touch: Disabled
 Parallel Workers: 1
Heap:
 PSYoungGen      total 36352K, used 27135K [0x00000000f5580000, 0x00000000f8400000, 0x0000000100000000)
  eden space 27136K, 99% used [0x00000000f5580000,0x00000000f6fffff8,0x00000000f7000000)
  from space 9216K, 0% used [0x00000000f7000000,0x00000000f7000000,0x00000000f7900000)
  to   space 9216K, 0% used [0x00000000f7900000,0x00000000f7900000,0x00000000f8200000)
 ParOldGen       total 349696K, used 349695K [0x00000000e0000000, 0x00000000f5580000, 0x00000000f5580000)
  object space 349696K, 99% used [0x00000000e0000000,0x00000000f557ffd0,0x00000000f5580000)
 Metaspace       used 62016K, committed 62912K, reserved 1105920K
  class space    used 5999K, committed 6400K, reserved 1048576K
GC Heap History (20 events):
Event: 1155.955 GC heap before
{Heap before GC invocations=954 (full 775):
 PSYoungGen      total 36352K, used 27135K [0x00000000f5580000, 0x00000000f8400000, 0x0000000100000000)
  eden space 27136K, 99% used [0x00000000f5580000,0x00000000f6fffff8,0x00000000f7000000)
  from space 9216K, 0% used [0x00000000f7000000,0x00000000f7000000,0x00000000f7900000)
  to   space 9216K, 0% used [0x00000000f7900000,0x00000000f7900000,0x00000000f8200000)
 ParOldGen       total 349696K, used 349696K [0x00000000e0000000, 0x00000000f5580000, 0x00000000f5580000)
  object space 349696K, 100% used [0x00000000e0000000,0x00000000f5580000,0x00000000f5580000)
 Metaspace       used 62016K, committed 62912K, reserved 1105920K
  class space    used 5999K, committed 6400K, reserved 1048576K
}
Event: 1157.497 GC heap after
{Heap after GC invocations=954 (full 775):
 PSYoungGen      total 36352K, used 27135K [0x00000000f5580000, 0x00000000f8400000, 0x0000000100000000)
  eden space 27136K, 99% used [0x00000000f5580000,0x00000000f6ffff48,0x00000000f7000000)
  from space 9216K, 0% used [0x00000000f7900000,0x00000000f7900000,0x00000000f8200000)
  to   space 9216K, 0% used [0x00000000f7000000,0x00000000f7000000,0x00000000f7900000)
 ParOldGen       total 349696K, used 349696K [0x00000000e0000000, 0x00000000f5580000, 0x00000000f5580000)
  object space 349696K, 100% used [0x00000000e0000000,0x00000000f5580000,0x00000000f5580000)
 Metaspace       used 62016K, committed 62912K, reserved 1105920K
  class space    used 5999K, committed 6400K, reserved 1048576K
}
Event: 1157.504 GC heap before
{Heap before GC invocations=955 (full 776):
 PSYoungGen      total 36352K, used 27135K [0x00000000f5580000, 0x00000000f8400000, 0x0000000100000000)
  eden space 27136K, 99% used [0x00000000f5580000,0x00000000f6fffff0,0x00000000f7000000)
  from space 9216K, 0% used [0x00000000f7900000,0x00000000f7900000,0x00000000f8200000)
  to   space 9216K, 0% used [0x00000000f7000000,0x00000000f7000000,0x00000000f7900000)
 ParOldGen       total 349696K, used 349696K [0x00000000e0000000, 0x00000000f5580000, 0x00000000f5580000)
  object space 349696K, 100% used [0x00000000e0000000,0x00000000f5580000,0x00000000f5580000)
 Metaspace       used 62016K, committed 62912K, reserved 1105920K
  class space    used 5999K, committed 6400K, reserved 1048576K
}
Event: 1158.966 GC heap after
{Heap after GC invocations=955 (full 776):
 PSYoungGen      total 36352K, used 27135K [0x00000000f5580000, 0x00000000f8400000, 0x0000000100000000)
  eden space 27136K, 99% used [0x00000000f5580000,0x00000000f6fffff0,0x00000000f7000000)
  from space 9216K, 0% used [0x00000000f7000000,0x00000000f7000000,0x00000000f7900000)
  to   space 9216K, 0% used [0x00000000f7900000,0x00000000f7900000,0x00000000f8200000)
 ParOldGen       total 349696K, used 349696K [0x00000000e0000000, 0x00000000f5580000, 0x00000000f5580000)
  object space 349696K, 100% used [0x00000000e0000000,0x00000000f5580000,0x00000000f5580000)
 Metaspace       used 62016K, committed 62912K, reserved 1105920K
  class space    used 5999K, committed 6400K, reserved 1048576K
}
Event: 1158.966 GC heap before
{Heap before GC invocations=956 (full 777):
 PSYoungGen      total 36352K, used 27135K [0x00000000f5580000, 0x00000000f8400000, 0x0000000100000000)
  eden space 27136K, 99% used [0x00000000f5580000,0x00000000f6fffff0,0x00000000f7000000)
  from space 9216K, 0% used [0x00000000f7000000,0x00000000f7000000,0x00000000f7900000)
  to   space 9216K, 0% used [0x00000000f7900000,0x00000000f7900000,0x00000000f8200000)
 ParOldGen       total 349696K, used 349696K [0x00000000e0000000, 0x00000000f5580000, 0x00000000f5580000)
  object space 349696K, 100% used [0x00000000e0000000,0x00000000f5580000,0x00000000f5580000)
 Metaspace       used 62016K, committed 62912K, reserved 1105920K
  class space    used 5999K, committed 6400K, reserved 1048576K
}
Event: 1160.600 GC heap after
{Heap after GC invocations=956 (full 777):
 PSYoungGen      total 36352K, used 27135K [0x00000000f5580000, 0x00000000f8400000, 0x0000000100000000)
  eden space 27136K, 99% used [0x00000000f5580000,0x00000000f6fffff0,0x00000000f7000000)
  from space 9216K, 0% used [0x00000000f7900000,0x00000000f7900000,0x00000000f8200000)
  to   space 9216K, 0% used [0x00000000f7000000,0x00000000f7000000,0x00000000f7900000)
 ParOldGen       total 349696K, used 349696K [0x00000000e0000000, 0x00000000f5580000, 0x00000000f5580000)
  object space 349696K, 100% used [0x00000000e0000000,0x00000000f5580000,0x00000000f5580000)
 Metaspace       used 62016K, committed 62912K, reserved 1105920K
  class space    used 5999K, committed 6400K, reserved 1048576K
}
Event: 1160.602 GC heap before
{Heap before GC invocations=957 (full 778):
 PSYoungGen      total 36352K, used 27135K [0x00000000f5580000, 0x00000000f8400000, 0x0000000100000000)
  eden space 27136K, 99% used [0x00000000f5580000,0x00000000f6fffff0,0x00000000f7000000)
  from space 9216K, 0% used [0x00000000f7900000,0x00000000f7900000,0x00000000f8200000)
  to   space 9216K, 0% used [0x00000000f7000000,0x00000000f7000000,0x00000000f7900000)
 ParOldGen       total 349696K, used 349696K [0x00000000e0000000, 0x00000000f5580000, 0x00000000f5580000)
  object space 349696K, 100% used [0x00000000e0000000,0x00000000f5580000,0x00000000f5580000)
 Metaspace       used 62016K, committed 62912K, reserved 1105920K
  class space    used 5999K, committed 6400K, reserved 1048576K
}
Event: 1162.369 GC heap after
{Heap after GC invocations=957 (full 778):
 PSYoungGen      total 36352K, used 27135K [0x00000000f5580000, 0x00000000f8400000, 0x0000000100000000)
  eden space 27136K, 99% used [0x00000000f5580000,0x00000000f6fffed8,0x00000000f7000000)
  from space 9216K, 0% used [0x00000000f7000000,0x00000000f7000000,0x00000000f7900000)
  to   space 9216K, 0% used [0x00000000f7900000,0x00000000f7900000,0x00000000f8200000)
 ParOldGen       total 349696K, used 349695K [0x00000000e0000000, 0x00000000f5580000, 0x00000000f5580000)
  object space 349696K, 99% used [0x00000000e0000000,0x00000000f557fcd0,0x00000000f5580000)
 Metaspace       used 62016K, committed 62912K, reserved 1105920K
  class space    used 5999K, committed 6400K, reserved 1048576K
}
Event: 1162.370 GC heap before
{Heap before GC invocations=958 (full 779):
 PSYoungGen      total 36352K, used 27135K [0x00000000f5580000, 0x00000000f8400000, 0x0000000100000000)
  eden space 27136K, 99% used [0x00000000f5580000,0x00000000f6fffff8,0x00000000f7000000)
  from space 9216K, 0% used [0x00000000f7000000,0x00000000f7000000,0x00000000f7900000)
  to   space 9216K, 0% used [0x00000000f7900000,0x00000000f7900000,0x00000000f8200000)
 ParOldGen       total 349696K, used 349695K [0x00000000e0000000, 0x00000000f5580000, 0x00000000f5580000)
  object space 349696K, 99% used [0x00000000e0000000,0x00000000f557fcd0,0x00000000f5580000)
 Metaspace       used 62016K, committed 62912K, reserved 1105920K
  class space    used 5999K, committed 6400K, reserved 1048576K
}
Event: 1163.902 GC heap after
{Heap after GC invocations=958 (full 779):
 PSYoungGen      total 36352K, used 27135K [0x00000000f5580000, 0x00000000f8400000, 0x0000000100000000)
  eden space 27136K, 99% used [0x00000000f5580000,0x00000000f6fffff8,0x00000000f7000000)
  from space 9216K, 0% used [0x00000000f7900000,0x00000000f7900000,0x00000000f8200000)
  to   space 9216K, 0% used [0x00000000f7000000,0x00000000f7000000,0x00000000f7900000)
 ParOldGen       total 349696K, used 349695K [0x00000000e0000000, 0x00000000f5580000, 0x00000000f5580000)
  object space 349696K, 99% used [0x00000000e0000000,0x00000000f557fcd0,0x00000000f5580000)
 Metaspace       used 62016K, committed 62912K, reserved 1105920K
  class space    used 5999K, committed 6400K, reserved 1048576K
}
Event: 1163.903 GC heap before
{Heap before GC invocations=959 (full 780):
 PSYoungGen      total 36352K, used 27135K [0x00000000f5580000, 0x00000000f8400000, 0x0000000100000000)
  eden space 27136K, 99% used [0x00000000f5580000,0x00000000f6fffff8,0x00000000f7000000)
  from space 9216K, 0% used [0x00000000f7900000,0x00000000f7900000,0x00000000f8200000)
  to   space 9216K, 0% used [0x00000000f7000000,0x00000000f7000000,0x00000000f7900000)
 ParOldGen       total 349696K, used 349695K [0x00000000e0000000, 0x00000000f5580000, 0x00000000f5580000)
  object space 349696K, 99% used [0x00000000e0000000,0x00000000f557ffd8,0x00000000f5580000)
 Metaspace       used 62016K, committed 62912K, reserved 1105920K
  class space    used 5999K, committed 6400K, reserved 1048576K
}
Event: 1165.356 GC heap after
{Heap after GC invocations=959 (full 780):
 PSYoungGen      total 36352K, used 27135K [0x00000000f5580000, 0x00000000f8400000, 0x0000000100000000)
  eden space 27136K, 99% used [0x00000000f5580000,0x00000000f6fffed8,0x00000000f7000000)
  from space 9216K, 0% used [0x00000000f7000000,0x00000000f7000000,0x00000000f7900000)
  to   space 9216K, 0% used [0x00000000f7900000,0x00000000f7900000,0x00000000f8200000)
 ParOldGen       total 349696K, used 349695K [0x00000000e0000000, 0x00000000f5580000, 0x00000000f5580000)
  object space 349696K, 99% used [0x00000000e0000000,0x00000000f557fd58,0x00000000f5580000)
 Metaspace       used 62016K, committed 62912K, reserved 1105920K
  class space    used 5999K, committed 6400K, reserved 1048576K
}
Event: 1165.356 GC heap before
{Heap before GC invocations=960 (full 781):
 PSYoungGen      total 36352K, used 27135K [0x00000000f5580000, 0x00000000f8400000, 0x0000000100000000)
  eden space 27136K, 99% used [0x00000000f5580000,0x00000000f6ffffd0,0x00000000f7000000)
  from space 9216K, 0% used [0x00000000f7000000,0x00000000f7000000,0x00000000f7900000)
  to   space 9216K, 0% used [0x00000000f7900000,0x00000000f7900000,0x00000000f8200000)
 ParOldGen       total 349696K, used 349695K [0x00000000e0000000, 0x00000000f5580000, 0x00000000f5580000)
  object space 349696K, 99% used [0x00000000e0000000,0x00000000f557fd58,0x00000000f5580000)
 Metaspace       used 62016K, committed 62912K, reserved 1105920K
  class space    used 5999K, committed 6400K, reserved 1048576K
}
Event: 1166.776 GC heap after
{Heap after GC invocations=960 (full 781):
 PSYoungGen      total 36352K, used 27135K [0x00000000f5580000, 0x00000000f8400000, 0x0000000100000000)
  eden space 27136K, 99% used [0x00000000f5580000,0x00000000f6ffffa0,0x00000000f7000000)
  from space 9216K, 0% used [0x00000000f7900000,0x00000000f7900000,0x00000000f8200000)
  to   space 9216K, 0% used [0x00000000f7000000,0x00000000f7000000,0x00000000f7900000)
 ParOldGen       total 349696K, used 349695K [0x00000000e0000000, 0x00000000f5580000, 0x00000000f5580000)
  object space 349696K, 99% used [0x00000000e0000000,0x00000000f557fd58,0x00000000f5580000)
 Metaspace       used 62016K, committed 62912K, reserved 1105920K
  class space    used 5999K, committed 6400K, reserved 1048576K
}
Event: 1166.777 GC heap before
{Heap before GC invocations=961 (full 782):
 PSYoungGen      total 36352K, used 27135K [0x00000000f5580000, 0x00000000f8400000, 0x0000000100000000)
  eden space 27136K, 99% used [0x00000000f5580000,0x00000000f6fffff8,0x00000000f7000000)
  from space 9216K, 0% used [0x00000000f7900000,0x00000000f7900000,0x00000000f8200000)
  to   space 9216K, 0% used [0x00000000f7000000,0x00000000f7000000,0x00000000f7900000)
 ParOldGen       total 349696K, used 349696K [0x00000000e0000000, 0x00000000f5580000, 0x00000000f5580000)
  object space 349696K, 100% used [0x00000000e0000000,0x00000000f5580000,0x00000000f5580000)
 Metaspace       used 62016K, committed 62912K, reserved 1105920K
  class space    used 5999K, committed 6400K, reserved 1048576K
}
Event: 1168.368 GC heap after
{Heap after GC invocations=961 (full 782):
 PSYoungGen      total 36352K, used 27135K [0x00000000f5580000, 0x00000000f8400000, 0x0000000100000000)
  eden space 27136K, 99% used [0x00000000f5580000,0x00000000f6ffff30,0x00000000f7000000)
  from space 9216K, 0% used [0x00000000f7000000,0x00000000f7000000,0x00000000f7900000)
  to   space 9216K, 0% used [0x00000000f7900000,0x00000000f7900000,0x00000000f8200000)
 ParOldGen       total 349696K, used 349695K [0x00000000e0000000, 0x00000000f5580000, 0x00000000f5580000)
  object space 349696K, 99% used [0x00000000e0000000,0x00000000f557ff40,0x00000000f5580000)
 Metaspace       used 62016K, committed 62912K, reserved 1105920K
  class space    used 5999K, committed 6400K, reserved 1048576K
}
Event: 1168.369 GC heap before
{Heap before GC invocations=962 (full 783):
 PSYoungGen      total 36352K, used 27135K [0x00000000f5580000, 0x00000000f8400000, 0x0000000100000000)
  eden space 27136K, 99% used [0x00000000f5580000,0x00000000f6ffffe8,0x00000000f7000000)
  from space 9216K, 0% used [0x00000000f7000000,0x00000000f7000000,0x00000000f7900000)
  to   space 9216K, 0% used [0x00000000f7900000,0x00000000f7900000,0x00000000f8200000)
 ParOldGen       total 349696K, used 349695K [0x00000000e0000000, 0x00000000f5580000, 0x00000000f5580000)
  object space 349696K, 99% used [0x00000000e0000000,0x00000000f557ff40,0x00000000f5580000)
 Metaspace       used 62016K, committed 62912K, reserved 1105920K
  class space    used 5999K, committed 6400K, reserved 1048576K
}
Event: 1169.874 GC heap after
{Heap after GC invocations=962 (full 783):
 PSYoungGen      total 36352K, used 27135K [0x00000000f5580000, 0x00000000f8400000, 0x0000000100000000)
  eden space 27136K, 99% used [0x00000000f5580000,0x00000000f6ffff78,0x00000000f7000000)
  from space 9216K, 0% used [0x00000000f7900000,0x00000000f7900000,0x00000000f8200000)
  to   space 9216K, 0% used [0x00000000f7000000,0x00000000f7000000,0x00000000f7900000)
 ParOldGen       total 349696K, used 349695K [0x00000000e0000000, 0x00000000f5580000, 0x00000000f5580000)
  object space 349696K, 99% used [0x00000000e0000000,0x00000000f557ff40,0x00000000f5580000)
 Metaspace       used 62016K, committed 62912K, reserved 1105920K
  class space    used 5999K, committed 6400K, reserved 1048576K
}
Event: 1169.874 GC heap before
{Heap before GC invocations=963 (full 784):
 PSYoungGen      total 36352K, used 27135K [0x00000000f5580000, 0x00000000f8400000, 0x0000000100000000)
  eden space 27136K, 99% used [0x00000000f5580000,0x00000000f6ffff78,0x00000000f7000000)
  from space 9216K, 0% used [0x00000000f7900000,0x00000000f7900000,0x00000000f8200000)
  to   space 9216K, 0% used [0x00000000f7000000,0x00000000f7000000,0x00000000f7900000)
 ParOldGen       total 349696K, used 349695K [0x00000000e0000000, 0x00000000f5580000, 0x00000000f5580000)
  object space 349696K, 99% used [0x00000000e0000000,0x00000000f557ff40,0x00000000f5580000)
 Metaspace       used 62016K, committed 62912K, reserved 1105920K
  class space    used 5999K, committed 6400K, reserved 1048576K
}
Event: 1171.553 GC heap after
{Heap after GC invocations=963 (full 784):
 PSYoungGen      total 36352K, used 27135K [0x00000000f5580000, 0x00000000f8400000, 0x0000000100000000)
  eden space 27136K, 99% used [0x00000000f5580000,0x00000000f6ffff78,0x00000000f7000000)
  from space 9216K, 0% used [0x00000000f7000000,0x00000000f7000000,0x00000000f7900000)
  to   space 9216K, 0% used [0x00000000f7900000,0x00000000f7900000,0x00000000f8200000)
 ParOldGen       total 349696K, used 349695K [0x00000000e0000000, 0x00000000f5580000, 0x00000000f5580000)
  object space 349696K, 99% used [0x00000000e0000000,0x00000000f557ff40,0x00000000f5580000)
 Metaspace       used 62016K, committed 62912K, reserved 1105920K
  class space    used 5999K, committed 6400K, reserved 1048576K
}

